<?xml version="1.0" encoding="UTF-8"?>
<testsuites name="REJESTR_WEDKARSKI" time="22.914" tests="1" failures="0" errors="0">
   <testsuite name="REJESTR_WEDKARSKI" tests="1" failures="0" errors="0" time="22.914" skipped="0" timestamp="2023-01-28 01:43:06" hostname="thete - DESKTOP-09LTLEB" id="Test Suites/REJESTRACJA_WEDKARSKI/REJESTR_WEDKARSKI">
      <properties>
         <property name="deviceName" value=""/>
         <property name="devicePlatform" value=""/>
         <property name="logFolder" value="C:\\Users\\thete\\git\\Katalon\\Reports\\20230128_014259\\REJESTRACJA_WEDKARSKI\\REJESTR_WEDKARSKI\\20230128_014259"/>
         <property name="logFiles" value="C:\\Users\\thete\\git\\Katalon\\Reports\\20230128_014259\\REJESTRACJA_WEDKARSKI\\REJESTR_WEDKARSKI\\20230128_014259\\execution0.log"/>
         <property name="attachments" value=""/>
         <property name="hostName" value="thete - DESKTOP-09LTLEB"/>
         <property name="os" value="Windows 10 64bit"/>
         <property name="katalonVersion" value="8.5.5.208"/>
         <property name="browser" value="Chrome 109.0.0.0"/>
         <property name="hostAddress" value="192.168.0.148"/>
         <property name="sessionId" value="aef6e16a34e57515cf64787b4e8ed47f"/>
         <property name="seleniumVersion" value="3.141.59"/>
         <property name="proxyInformation" value="ProxyInformation { proxyOption=NO_PROXY, proxyServerType=HTTP, username=, password=********, proxyServerAddress=, proxyServerPort=0, executionList=&quot;&quot;, isApplyToDesiredCapabilities=true }"/>
         <property name="platform" value="Windows 10"/>
      </properties>
      <testcase name="Test Cases/SKLEPWEDKARSKI_REJESTRACJA/Logowanie_z_blednymi_wartosciami" time="22.531" classname="Test Cases/SKLEPWEDKARSKI_REJESTRACJA/Logowanie_z_blednymi_wartosciami" status="PASSED">
         <system-out><![CDATA[2023-01-28 01:43:07 - [TEST_CASE][PASSED] - Test Cases/SKLEPWEDKARSKI_REJESTRACJA/Logowanie_z_blednymi_wartosciami: Test Cases/SKLEPWEDKARSKI_REJESTRACJA/Logowanie_z_blednymi_wartosciami

2023-01-28 01:43:08 - [TEST_STEP][PASSED] - openBrowser("https://sklepwedkarski.pl/"): Browser is opened with url: 'https://sklepwedkarski.pl/'

2023-01-28 01:43:08 - [MESSAGE][INFO] - Starting 'Chrome' driver

2023-01-28 01:43:08 - [MESSAGE][INFO] - Action delay is set to 0 milliseconds

2023-01-28 01:43:11 - [MESSAGE][PASSED] - Browser is opened with url: 'https://sklepwedkarski.pl/'

2023-01-28 01:43:11 - [TEST_STEP][PASSED] - maximizeWindow(): Current window maximized

2023-01-28 01:43:12 - [MESSAGE][PASSED] - Current window maximized

2023-01-28 01:43:12 - [TEST_STEP][PASSED] - click(findTestObject("Object Repository/PAGE_MAIN/cookie")): Object: 'Object Repository/PAGE_MAIN/cookie' is clicked on

2023-01-28 01:43:12 - [MESSAGE][PASSED] - Object: 'Object Repository/PAGE_MAIN/cookie' is clicked on

2023-01-28 01:43:12 - [TEST_STEP][PASSED] - click(findTestObject("Object Repository/PAGE_MAIN/lnk_zalozkonto")): Object: 'Object Repository/PAGE_MAIN/lnk_zalozkonto' is clicked on

2023-01-28 01:43:14 - [MESSAGE][PASSED] - Object: 'Object Repository/PAGE_MAIN/lnk_zalozkonto' is clicked on

2023-01-28 01:43:14 - [TEST_STEP][PASSED] - click(findTestObject("Object Repository/PAGE_LOGIN/lnk_rejestracja")): Object: 'Object Repository/PAGE_LOGIN/lnk_rejestracja' is clicked on

2023-01-28 01:43:16 - [MESSAGE][PASSED] - Object: 'Object Repository/PAGE_LOGIN/lnk_rejestracja' is clicked on

2023-01-28 01:43:16 - [TEST_STEP][PASSED] - setText(findTestObject("Object Repository/PAGE_REGISTER/inp_imie"), imie): Text 'Adam' is set on object 'Object Repository/PAGE_REGISTER/inp_imie'

2023-01-28 01:43:17 - [MESSAGE][PASSED] - Text 'Adam' is set on object 'Object Repository/PAGE_REGISTER/inp_imie'

2023-01-28 01:43:17 - [TEST_STEP][PASSED] - setText(findTestObject("Object Repository/PAGE_REGISTER/inp_nazwisko"), nazwisko): Text 'Kowalski' is set on object 'Object Repository/PAGE_REGISTER/inp_nazwisko'

2023-01-28 01:43:18 - [MESSAGE][PASSED] - Text 'Kowalski' is set on object 'Object Repository/PAGE_REGISTER/inp_nazwisko'

2023-01-28 01:43:18 - [TEST_STEP][PASSED] - setText(findTestObject("Object Repository/PAGE_REGISTER/inp_ulicainumer"), ulicainumer): Text 'Bystrzycka 5' is set on object 'Object Repository/PAGE_REGISTER/inp_ulicainumer'

2023-01-28 01:43:19 - [MESSAGE][PASSED] - Text 'Bystrzycka 5' is set on object 'Object Repository/PAGE_REGISTER/inp_ulicainumer'

2023-01-28 01:43:19 - [TEST_STEP][PASSED] - setText(findTestObject("Object Repository/PAGE_REGISTER/inp_miasto"), miasto): Text 'Katowice' is set on object 'Object Repository/PAGE_REGISTER/inp_miasto'

2023-01-28 01:43:20 - [MESSAGE][PASSED] - Text 'Katowice' is set on object 'Object Repository/PAGE_REGISTER/inp_miasto'

2023-01-28 01:43:20 - [TEST_STEP][PASSED] - setText(findTestObject("Object Repository/PAGE_REGISTER/inp_kodpocztowy"), kodpocztowy): Text '52-200' is set on object 'Object Repository/PAGE_REGISTER/inp_kodpocztowy'

2023-01-28 01:43:21 - [MESSAGE][PASSED] - Text '52-200' is set on object 'Object Repository/PAGE_REGISTER/inp_kodpocztowy'

2023-01-28 01:43:21 - [TEST_STEP][PASSED] - setText(findTestObject("Object Repository/PAGE_REGISTER/inp_telefon"), telefon): Text 'sgsr' is set on object 'Object Repository/PAGE_REGISTER/inp_telefon'

2023-01-28 01:43:22 - [MESSAGE][PASSED] - Text 'sgsr' is set on object 'Object Repository/PAGE_REGISTER/inp_telefon'

2023-01-28 01:43:22 - [TEST_STEP][PASSED] - setText(findTestObject("Object Repository/PAGE_REGISTER/inp_email"), email): Text 'adiszpaddi123321@gmail.com' is set on object 'Object Repository/PAGE_REGISTER/inp_email'

2023-01-28 01:43:23 - [MESSAGE][PASSED] - Text 'adiszpaddi123321@gmail.com' is set on object 'Object Repository/PAGE_REGISTER/inp_email'

2023-01-28 01:43:23 - [TEST_STEP][PASSED] - setText(findTestObject("Object Repository/PAGE_REGISTER/inp_login"), login): Text 'BigAdam' is set on object 'Object Repository/PAGE_REGISTER/inp_login'

2023-01-28 01:43:24 - [MESSAGE][PASSED] - Text 'BigAdam' is set on object 'Object Repository/PAGE_REGISTER/inp_login'

2023-01-28 01:43:24 - [TEST_STEP][PASSED] - setText(findTestObject("Object Repository/PAGE_REGISTER/inp_haslo"), haslo): Text 'qwerty123' is set on object 'Object Repository/PAGE_REGISTER/inp_haslo'

2023-01-28 01:43:25 - [MESSAGE][PASSED] - Text 'qwerty123' is set on object 'Object Repository/PAGE_REGISTER/inp_haslo'

2023-01-28 01:43:25 - [TEST_STEP][PASSED] - click(findTestObject("Object Repository/PAGE_REGISTER/inp__checkbox_regulamin")): Object: 'Object Repository/PAGE_REGISTER/inp__checkbox_regulamin' is clicked on

2023-01-28 01:43:26 - [MESSAGE][PASSED] - Object: 'Object Repository/PAGE_REGISTER/inp__checkbox_regulamin' is clicked on

2023-01-28 01:43:26 - [TEST_STEP][PASSED] - click(findTestObject("Object Repository/PAGE_REGISTER/btn_zalozkonto")): Object: 'Object Repository/PAGE_REGISTER/btn_zalozkonto' is clicked on

2023-01-28 01:43:27 - [MESSAGE][PASSED] - Object: 'Object Repository/PAGE_REGISTER/btn_zalozkonto' is clicked on

2023-01-28 01:43:27 - [TEST_STEP][PASSED] - delay(1): Delayed 1 second(s)

2023-01-28 01:43:28 - [MESSAGE][PASSED] - Delayed 1 second(s)

2023-01-28 01:43:28 - [TEST_STEP][PASSED] - el_error_msg = getText(findTestObject("Object Repository/PAGE_REGISTER2/str_error_msg")): Text of object 'Object Repository/PAGE_REGISTER2/str_error_msg' is: 'Podany telefon jest błędny.'

2023-01-28 01:43:29 - [MESSAGE][PASSED] - Text of object 'Object Repository/PAGE_REGISTER2/str_error_msg' is: 'Podany telefon jest błędny.'

2023-01-28 01:43:29 - [TEST_STEP][PASSED] - assert error_msg == el_error_msg: null

2023-01-28 01:43:29 - [TEST_STEP][PASSED] - closeBrowser(): Browser is closed

2023-01-28 01:43:29 - [MESSAGE][PASSED] - Browser is closed]]></system-out>
         <system-err><![CDATA[]]></system-err>
      </testcase>
      <system-out><![CDATA[2023-01-28 01:43:06 - [TEST_SUITE][PASSED] - REJESTR_WEDKARSKI: Test Cases/SKLEPWEDKARSKI_REJESTRACJA/Logowanie_z_blednymi_wartosciami]]></system-out>
      <system-err><![CDATA[]]></system-err>
   </testsuite>
</testsuites>
