<?xml version="1.0" encoding="UTF-8"?>
<testsuites name="REJESTR_DIETA" time="18.575" tests="1" failures="0" errors="0">
   <testsuite name="REJESTR_DIETA" tests="1" failures="0" errors="0" time="18.575" skipped="0" timestamp="2023-01-28 01:44:41" hostname="thete - DESKTOP-09LTLEB" id="Test Suites/REJESTRACJA_DIETA/REJESTR_DIETA">
      <properties>
         <property name="deviceName" value=""/>
         <property name="devicePlatform" value=""/>
         <property name="logFolder" value="C:\\Users\\thete\\git\\Katalon\\Reports\\20230128_014434\\REJESTRACJA_DIETA\\REJESTR_DIETA\\20230128_014434"/>
         <property name="logFiles" value="C:\\Users\\thete\\git\\Katalon\\Reports\\20230128_014434\\REJESTRACJA_DIETA\\REJESTR_DIETA\\20230128_014434\\execution0.log"/>
         <property name="attachments" value=""/>
         <property name="hostName" value="thete - DESKTOP-09LTLEB"/>
         <property name="os" value="Windows 10 64bit"/>
         <property name="katalonVersion" value="8.5.5.208"/>
         <property name="browser" value="Chrome 109.0.0.0"/>
         <property name="hostAddress" value="192.168.0.148"/>
         <property name="sessionId" value="f60e957b71ffee410da68cfef6c62aba"/>
         <property name="seleniumVersion" value="3.141.59"/>
         <property name="proxyInformation" value="ProxyInformation { proxyOption=NO_PROXY, proxyServerType=HTTP, username=, password=********, proxyServerAddress=, proxyServerPort=0, executionList=&quot;&quot;, isApplyToDesiredCapabilities=true }"/>
         <property name="platform" value="Windows 10"/>
      </properties>
      <testcase name="Test Cases/DIETETYKA_REJESTRACJA/Rejestracja z błędnymi wartościami" time="18.24" classname="Test Cases/DIETETYKA_REJESTRACJA/Rejestracja z błędnymi wartościami" status="PASSED">
         <system-out><![CDATA[2023-01-28 01:44:42 - [TEST_CASE][PASSED] - Test Cases/DIETETYKA_REJESTRACJA/Rejestracja z błędnymi wartościami: Test Cases/DIETETYKA_REJESTRACJA/Rejestracja z błędnymi wartościami

2023-01-28 01:44:42 - [TEST_STEP][PASSED] - openBrowser("https://dietetykanienazarty.pl/"): Browser is opened with url: 'https://dietetykanienazarty.pl/'

2023-01-28 01:44:43 - [MESSAGE][INFO] - Starting 'Chrome' driver

2023-01-28 01:44:43 - [MESSAGE][INFO] - Action delay is set to 0 milliseconds

2023-01-28 01:44:47 - [MESSAGE][PASSED] - Browser is opened with url: 'https://dietetykanienazarty.pl/'

2023-01-28 01:44:47 - [TEST_STEP][PASSED] - maximizeWindow(): Current window maximized

2023-01-28 01:44:48 - [MESSAGE][PASSED] - Current window maximized

2023-01-28 01:44:48 - [TEST_STEP][PASSED] - click(findTestObject("Object Repository/DIETETYKA_HOMEPAGE/lnk_logowanie")): Object: 'Object Repository/DIETETYKA_HOMEPAGE/lnk_logowanie' is clicked on

2023-01-28 01:44:50 - [MESSAGE][PASSED] - Object: 'Object Repository/DIETETYKA_HOMEPAGE/lnk_logowanie' is clicked on

2023-01-28 01:44:50 - [TEST_STEP][PASSED] - click(findTestObject("Object Repository/DIETETYKA_LOGOWANIE/lnk_rejestracja")): Object: 'Object Repository/DIETETYKA_LOGOWANIE/lnk_rejestracja' is clicked on

2023-01-28 01:44:51 - [MESSAGE][PASSED] - Object: 'Object Repository/DIETETYKA_LOGOWANIE/lnk_rejestracja' is clicked on

2023-01-28 01:44:51 - [TEST_STEP][PASSED] - setText(findTestObject("Object Repository/DIETETYKA_REJESTRACJA/email"), email): Text 'grazyna@wp.pl' is set on object 'Object Repository/DIETETYKA_REJESTRACJA/email'

2023-01-28 01:44:52 - [MESSAGE][PASSED] - Text 'grazyna@wp.pl' is set on object 'Object Repository/DIETETYKA_REJESTRACJA/email'

2023-01-28 01:44:52 - [TEST_STEP][PASSED] - setText(findTestObject("Object Repository/DIETETYKA_REJESTRACJA/haslo"), haslo): Text 'Haslo12343' is set on object 'Object Repository/DIETETYKA_REJESTRACJA/haslo'

2023-01-28 01:44:53 - [MESSAGE][PASSED] - Text 'Haslo12343' is set on object 'Object Repository/DIETETYKA_REJESTRACJA/haslo'

2023-01-28 01:44:53 - [TEST_STEP][PASSED] - setText(findTestObject("Object Repository/DIETETYKA_REJESTRACJA/powhaslo"), powhaslo): Text 'Haslo12343' is set on object 'Object Repository/DIETETYKA_REJESTRACJA/powhaslo'

2023-01-28 01:44:54 - [MESSAGE][PASSED] - Text 'Haslo12343' is set on object 'Object Repository/DIETETYKA_REJESTRACJA/powhaslo'

2023-01-28 01:44:54 - [TEST_STEP][PASSED] - setText(findTestObject("Object Repository/DIETETYKA_REJESTRACJA/imie"), imie): Text 'Andrzej
' is set on object 'Object Repository/DIETETYKA_REJESTRACJA/imie'

2023-01-28 01:44:54 - [MESSAGE][PASSED] - Text 'Andrzej
' is set on object 'Object Repository/DIETETYKA_REJESTRACJA/imie'

2023-01-28 01:44:54 - [TEST_STEP][PASSED] - setText(findTestObject("Object Repository/DIETETYKA_REJESTRACJA/nazwisko"), nazwisko): Text 'Małysz' is set on object 'Object Repository/DIETETYKA_REJESTRACJA/nazwisko'

2023-01-28 01:44:55 - [MESSAGE][PASSED] - Text 'Małysz' is set on object 'Object Repository/DIETETYKA_REJESTRACJA/nazwisko'

2023-01-28 01:44:55 - [TEST_STEP][PASSED] - setText(findTestObject("Object Repository/DIETETYKA_REJESTRACJA/telefon"), telefon): Text '123456789' is set on object 'Object Repository/DIETETYKA_REJESTRACJA/telefon'

2023-01-28 01:44:56 - [MESSAGE][PASSED] - Text '123456789' is set on object 'Object Repository/DIETETYKA_REJESTRACJA/telefon'

2023-01-28 01:44:56 - [TEST_STEP][PASSED] - click(findTestObject("Object Repository/DIETETYKA_REJESTRACJA/cookie")): Object: 'Object Repository/DIETETYKA_REJESTRACJA/cookie' is clicked on

2023-01-28 01:44:57 - [MESSAGE][PASSED] - Object: 'Object Repository/DIETETYKA_REJESTRACJA/cookie' is clicked on

2023-01-28 01:44:57 - [TEST_STEP][PASSED] - scrollToPosition(9999999, 9999999): Browser is scrolled to position x = 9999999, y = 9999999

2023-01-28 01:44:57 - [MESSAGE][PASSED] - Browser is scrolled to position x = 9999999, y = 9999999

2023-01-28 01:44:57 - [TEST_STEP][PASSED] - click(findTestObject("Object Repository/DIETETYKA_REJESTRACJA/potwierdzenie")): Object: 'Object Repository/DIETETYKA_REJESTRACJA/potwierdzenie' is clicked on

2023-01-28 01:44:58 - [MESSAGE][PASSED] - Object: 'Object Repository/DIETETYKA_REJESTRACJA/potwierdzenie' is clicked on

2023-01-28 01:44:58 - [TEST_STEP][PASSED] - click(findTestObject("Object Repository/DIETETYKA_REJESTRACJA/rejestruj")): Object: 'Object Repository/DIETETYKA_REJESTRACJA/rejestruj' is clicked on

2023-01-28 01:44:58 - [MESSAGE][PASSED] - Object: 'Object Repository/DIETETYKA_REJESTRACJA/rejestruj' is clicked on

2023-01-28 01:44:58 - [TEST_STEP][PASSED] - el_error_msg = getText(findTestObject("Object Repository/DIETETYKA_REJESTRACJA/str_error_msg")): Text of object 'Object Repository/DIETETYKA_REJESTRACJA/str_error_msg' is: 'podane hasło musi składać się z minimum 8 znaków, zawierać conajmniej jedną cyfrę, jedną małą literę, jedną dużą literę oraz znak specjalny'

2023-01-28 01:44:59 - [MESSAGE][PASSED] - Text of object 'Object Repository/DIETETYKA_REJESTRACJA/str_error_msg' is: 'podane hasło musi składać się z minimum 8 znaków, zawierać conajmniej jedną cyfrę, jedną małą literę, jedną dużą literę oraz znak specjalny'

2023-01-28 01:44:59 - [TEST_STEP][PASSED] - assert error_msg == el_error_msg: null

2023-01-28 01:44:59 - [TEST_STEP][PASSED] - closeBrowser(): Browser is closed

2023-01-28 01:45:00 - [MESSAGE][PASSED] - Browser is closed]]></system-out>
         <system-err><![CDATA[]]></system-err>
      </testcase>
      <system-out><![CDATA[2023-01-28 01:44:41 - [TEST_SUITE][PASSED] - REJESTR_DIETA: Test Cases/DIETETYKA_REJESTRACJA/Rejestracja z błędnymi wartościami]]></system-out>
      <system-err><![CDATA[]]></system-err>
   </testsuite>
</testsuites>
